<?xml version="1.0" encoding="UTF-8"?>
<Site BuildName="(empty)"
	BuildStamp="20250506-0443-Experimental"
	Name="(empty)"
	Generator="ctest-3.31.3"
	CompilerName=""
	CompilerVersion=""
	OSName="Windows"
	Hostname="DESKTOP-SQ2SR2G"
	OSRelease=" Professional"
	OSVersion=" (Build 19045)"
	OSPlatform="AMD64"
	Is64Bits="1"
	VendorString="GenuineIntel"
	VendorID="Intel Corporation"
	FamilyID="6"
	ModelID="10"
	ModelName=""
	ProcessorCacheSize="-1"
	NumberOfLogicalCPU="16"
	NumberOfPhysicalCPU="10"
	TotalVirtualMemory="23632"
	TotalPhysicalMemory="16087"
	LogicalProcessorsPerPhysical="1"
	ProcessorClockFrequency="2918"
	>
	<Testing>
		<StartDateTime>May 06 17:38 RTZ 2 ([NON-UTF-8-BYTE-0xE7][NON-UTF-8-BYTE-0xE8][NON-UTF-8-BYTE-0xEC][NON-UTF-8-BYTE-0xE0])</StartDateTime>
		<StartTestTime>1746542289</StartTestTime>
		<TestList>
			<Test>./tests/ConverterJSON.CheckConfig</Test>
		</TestList>
		<Test Status="failed">
			<Name>ConverterJSON.CheckConfig</Name>
			<Path>./tests</Path>
			<FullName>./tests/ConverterJSON.CheckConfig</FullName>
			<FullCommandLine>C:\Users\ED\Documents\My_Programs\Great_Project\search_engine\tests\GtestTests.exe "--gtest_filter=ConverterJSON.CheckConfig" "--gtest_also_run_disabled_tests"</FullCommandLine>
			<Results>
				<NamedMeasurement type="text/string" name="Exit Code">
					<Value>Failed</Value>
				</NamedMeasurement>
				<NamedMeasurement type="text/string" name="Exit Value">
					<Value>1</Value>
				</NamedMeasurement>
				<NamedMeasurement type="numeric/double" name="Execution Time">
					<Value>0.0045406</Value>
				</NamedMeasurement>
				<NamedMeasurement type="numeric/double" name="Processors">
					<Value>1</Value>
				</NamedMeasurement>
				<NamedMeasurement type="text/string" name="Completion Status">
					<Value>Completed</Value>
				</NamedMeasurement>
				<NamedMeasurement type="text/string" name="Command Line">
					<Value>C:\Users\ED\Documents\My_Programs\Great_Project\search_engine\tests\GtestTests.exe "--gtest_filter=ConverterJSON.CheckConfig" "--gtest_also_run_disabled_tests"</Value>
				</NamedMeasurement>
				<NamedMeasurement type="text/string" name="Environment">
					<Value>#CTEST_RESOURCE_GROUP_COUNT=</Value>
				</NamedMeasurement>
				<Measurement>
					<Value encoding="base64" compression="gzip">eJyNkk1PAjEQhu/9FRNOEmWDVxIOhq9oFA3giRJSusNutTsl7azov7e7SwiQaJjTTPvO9H3azkoiQxkUytBNG7beFTDoyfeAPsjRUA6dLgskDvLlZ/3mXeZVEeTEo+Kq/EDNMqDyOl8jZYZQbkpjU7lOcRdk5lxmkTFwJ3h9Usq6rLJ1dXKitZg6xh5Magks4g5sjWX00IeBoy/0MX+av06TQY76My5tTSaW/WOsYHZguQeu2yuWQx5Kw5iIZecYK5hYt1G22Uf6Mt5RRQoBuVPuLsSnM8/siCXM3qdQx+ofpyV9kttTBRUxx8rY0qMY3N4CfmvcsXEEe8M5pBi0N81Ca5Fj3QF7FYAcg9shYZq0gHNfjTMUM2zMbVz6E20DjB8en0fDf/3ATReK0L4SslEDO1a2La67Ro6/opNGj+eP9NfjgFeUnJ8TSd4e5vOGpFtrwwVfM+EOrAmMKWzQun3vyisQIrYfdIvRfCF+ATUX/90=</Value>
				</Measurement>
			</Results>
		</Test>
		<EndDateTime>May 06 17:38 RTZ 2 ([NON-UTF-8-BYTE-0xE7][NON-UTF-8-BYTE-0xE8][NON-UTF-8-BYTE-0xEC][NON-UTF-8-BYTE-0xE0])</EndDateTime>
		<EndTestTime>1746542289</EndTestTime>
		<ElapsedMinutes>0</ElapsedMinutes>
	</Testing>
</Site>
