Start testing: May 21 20:50 RTZ 2 (çèìà)
----------------------------------------------------------
3/3 Testing: TestCaseInvertedIndex.TestInvertedIndexMissingWord
3/3 Test: TestCaseInvertedIndex.TestInvertedIndexMissingWord
Command: "C:/Users/ED/Documents/My_Programs/Great_Project/search_engine/tests/GtestTests.exe" "--gtest_filter=TestCaseInvertedIndex.TestInvertedIndexMissingWord" "--gtest_also_run_disabled_tests"
Directory: C:/Users/ED/Documents/My_Programs/Great_Project/search_engine/build/tests
"TestCaseInvertedIndex.TestInvertedIndexMissingWord" start time: May 21 20:50 RTZ 2 (çèìà)
Output:
----------------------------------------------------------
Running main() from C:\Users\ED\Documents\My_Programs\Great_Project\search_engine\build\_deps\googletest-src\googletest\src\gtest_main.cc
Note: Google Test filter = TestCaseInvertedIndex.TestInvertedIndexMissingWord
[==========] Running 1 test from 1 test suite.
[----------] Global test environment set-up.
[----------] 1 test from TestCaseInvertedIndex
[ RUN      ] TestCaseInvertedIndex.TestInvertedIndexMissingWord
[       OK ] TestCaseInvertedIndex.TestInvertedIndexMissingWord (0 ms)
[----------] 1 test from TestCaseInvertedIndex (0 ms total)

[----------] Global test environment tear-down
[==========] 1 test from 1 test suite ran. (0 ms total)
[  PASSED  ] 1 test.
<end of output>
Test time =   0.00 sec
----------------------------------------------------------
Test Passed.
"TestCaseInvertedIndex.TestInvertedIndexMissingWord" end time: May 21 20:50 RTZ 2 (çèìà)
"TestCaseInvertedIndex.TestInvertedIndexMissingWord" time elapsed: 00:00:00
----------------------------------------------------------

End testing: May 21 20:50 RTZ 2 (çèìà)
