Start testing: Apr 23 09:17 RTZ 2 (çèìà)
----------------------------------------------------------
9/9 Testing: InvertedIndex.getWordCount
9/9 Test: InvertedIndex.getWordCount
Command: "C:/Users/ED/Documents/My_Programs/Great_Project/search_engine/tests/GtestTests.exe" "--gtest_filter=InvertedIndex.getWordCount" "--gtest_also_run_disabled_tests"
Directory: C:/Users/ED/Documents/My_Programs/Great_Project/search_engine/build/tests
"InvertedIndex.getWordCount" start time: Apr 23 09:17 RTZ 2 (çèìà)
Output:
----------------------------------------------------------
Running main() from C:\Users\ED\Documents\My_Programs\Great_Project\search_engine\build\_deps\googletest-src\googletest\src\gtest_main.cc
Note: Google Test filter = InvertedIndex.getWordCount
[==========] Running 1 test from 1 test suite.
[----------] Global test environment set-up.
[----------] 1 test from InvertedIndex
[ RUN      ] InvertedIndex.getWordCount
[       OK ] InvertedIndex.getWordCount (0 ms)
[----------] 1 test from InvertedIndex (0 ms total)

[----------] Global test environment tear-down
[==========] 1 test from 1 test suite ran. (0 ms total)
[  PASSED  ] 1 test.
<end of output>
Test time =   0.00 sec
----------------------------------------------------------
Test Passed.
"InvertedIndex.getWordCount" end time: Apr 23 09:17 RTZ 2 (çèìà)
"InvertedIndex.getWordCount" time elapsed: 00:00:00
----------------------------------------------------------

End testing: Apr 23 09:17 RTZ 2 (çèìà)
