Start testing: Jun 12 23:09 RTZ 2 (חטלא)
----------------------------------------------------------
2/5 Testing: TestCaseSearchServer.TestTop5
2/5 Test: TestCaseSearchServer.TestTop5
Command: "C:/Users/ED/Documents/My_Programs/Great_Project/search_engine/tests/GtestTests.exe" "--gtest_filter=TestCaseSearchServer.TestTop5" "--gtest_also_run_disabled_tests"
Directory: C:/Users/ED/Documents/My_Programs/Great_Project/search_engine/build/tests
"TestCaseSearchServer.TestTop5" start time: Jun 12 23:09 RTZ 2 (חטלא)
Output:
----------------------------------------------------------
Running main() from C:\Users\ED\Documents\My_Programs\Great_Project\search_engine\build\_deps\googletest-src\googletest\src\gtest_main.cc
Note: Google Test filter = TestCaseSearchServer.TestTop5
[==========] Running 1 test from 1 test suite.
[----------] Global test environment set-up.
[----------] 1 test from TestCaseSearchServer
[ RUN      ] TestCaseSearchServer.TestTop5
1
REQUEST ג„– 1
DOC_ID 7	 RANK 1
DOC_ID 14	 RANK 1
DOC_ID 0	 RANK 0.666667
DOC_ID 1	 RANK 0.666667
DOC_ID 2	 RANK 0.666667
[       OK ] TestCaseSearchServer.TestTop5 (0 ms)
[----------] 1 test from TestCaseSearchServer (0 ms total)

[----------] Global test environment tear-down
[==========] 1 test from 1 test suite ran. (0 ms total)
[  PASSED  ] 1 test.
<end of output>
Test time =   0.01 sec
----------------------------------------------------------
Test Passed.
"TestCaseSearchServer.TestTop5" end time: Jun 12 23:09 RTZ 2 (חטלא)
"TestCaseSearchServer.TestTop5" time elapsed: 00:00:00
----------------------------------------------------------

End testing: Jun 12 23:09 RTZ 2 (חטלא)
