Start testing: May 06 17:38 RTZ 2 (çèìà)
----------------------------------------------------------
1/9 Testing: ConverterJSON.CheckConfig
1/9 Test: ConverterJSON.CheckConfig
Command: "C:/Users/ED/Documents/My_Programs/Great_Project/search_engine/tests/GtestTests.exe" "--gtest_filter=ConverterJSON.CheckConfig" "--gtest_also_run_disabled_tests"
Directory: C:/Users/ED/Documents/My_Programs/Great_Project/search_engine/build/tests
"ConverterJSON.CheckConfig" start time: May 06 17:38 RTZ 2 (çèìà)
Output:
----------------------------------------------------------
Running main() from C:\Users\ED\Documents\My_Programs\Great_Project\search_engine\build\_deps\googletest-src\googletest\src\gtest_main.cc
Note: Google Test filter = ConverterJSON.CheckConfig
[==========] Running 1 test from 1 test suite.
[----------] Global test environment set-up.
[----------] 1 test from ConverterJSON
[ RUN      ] ConverterJSON.CheckConfig
unknown file: Failure
C++ exception with description "The file was not opened." thrown in the test body.
[  FAILED  ] ConverterJSON.CheckConfig (0 ms)
[----------] 1 test from ConverterJSON (0 ms total)

[----------] Global test environment tear-down
[==========] 1 test from 1 test suite ran. (0 ms total)
[  PASSED  ] 0 tests.
[  FAILED  ] 1 test, listed below:
[  FAILED  ] ConverterJSON.CheckConfig

 1 FAILED TEST
<end of output>
Test time =   0.00 sec
----------------------------------------------------------
Test Failed.
"ConverterJSON.CheckConfig" end time: May 06 17:38 RTZ 2 (çèìà)
"ConverterJSON.CheckConfig" time elapsed: 00:00:00
----------------------------------------------------------

End testing: May 06 17:38 RTZ 2 (çèìà)
