Start testing: Jun 06 10:27 RTZ 2 (çèìà)
----------------------------------------------------------
5/5 Testing: TestCaseInvertedIndex.TestInvertedIndexMissingWord
5/5 Test: TestCaseInvertedIndex.TestInvertedIndexMissingWord
Command: "C:/Users/ED/Documents/My_Programs/Great_Project/search_engine/tests/GtestTests.exe" "--gtest_filter=TestCaseInvertedIndex.TestInvertedIndexMissingWord" "--gtest_also_run_disabled_tests"
Directory: C:/Users/ED/Documents/My_Programs/Great_Project/search_engine/build/tests
"TestCaseInvertedIndex.TestInvertedIndexMissingWord" start time: Jun 06 10:27 RTZ 2 (çèìà)
Output:
----------------------------------------------------------
Running main() from C:\Users\ED\Documents\My_Programs\Great_Project\search_engine\build\_deps\googletest-src\googletest\src\gtest_main.cc
Note: Google Test filter = TestCaseInvertedIndex.TestInvertedIndexMissingWord
[==========] Running 1 test from 1 test suite.
[----------] Global test environment set-up.
[----------] 1 test from TestCaseInvertedIndex
[ RUN      ] TestCaseInvertedIndex.TestInvertedIndexMissingWord
C:\Users\ED\Documents\My_Programs\Great_Project\search_engine\tests\InvertedIndex_test.cpp:15: Failure
Expected equality of these values:
  result
    Which is: { { 16-byte object <00-00 00-00 00-00 00-00 00-00 00-00 00-00 00-00> }, { 16-byte object <01-00 00-00 00-00 00-00 01-00 00-00 00-00 00-00> } }
  expected
    Which is: { {}, { 16-byte object <01-00 00-00 00-00 00-00 01-00 00-00 00-00 00-00> } }
[  FAILED  ] TestCaseInvertedIndex.TestInvertedIndexMissingWord (0 ms)
[----------] 1 test from TestCaseInvertedIndex (0 ms total)

[----------] Global test environment tear-down
[==========] 1 test from 1 test suite ran. (0 ms total)
[  PASSED  ] 0 tests.
[  FAILED  ] 1 test, listed below:
[  FAILED  ] TestCaseInvertedIndex.TestInvertedIndexMissingWord

 1 FAILED TEST
<end of output>
Test time =   0.01 sec
----------------------------------------------------------
Test Failed.
"TestCaseInvertedIndex.TestInvertedIndexMissingWord" end time: Jun 06 10:27 RTZ 2 (çèìà)
"TestCaseInvertedIndex.TestInvertedIndexMissingWord" time elapsed: 00:00:00
----------------------------------------------------------

End testing: Jun 06 10:27 RTZ 2 (çèìà)
