Start testing: Jun 08 10:21 RTZ 2 (חטלא)
----------------------------------------------------------
1/5 Testing: TestCaseSearchServer.TestSimple
1/5 Test: TestCaseSearchServer.TestSimple
Command: "C:/Users/ED/Documents/My_Programs/Great_Project/search_engine/tests/GtestTests.exe" "--gtest_filter=TestCaseSearchServer.TestSimple" "--gtest_also_run_disabled_tests"
Directory: C:/Users/ED/Documents/My_Programs/Great_Project/search_engine/build/tests
"TestCaseSearchServer.TestSimple" start time: Jun 08 10:21 RTZ 2 (חטלא)
Output:
----------------------------------------------------------
Running main() from C:\Users\ED\Documents\My_Programs\Great_Project\search_engine\build\_deps\googletest-src\googletest\src\gtest_main.cc
Note: Google Test filter = TestCaseSearchServer.TestSimple
[==========] Running 1 test from 1 test suite.
[----------] Global test environment set-up.
[----------] 1 test from TestCaseSearchServer
[ RUN      ] TestCaseSearchServer.TestSimple
REQUEST ג„– 1
DOC_ID 0	 RANK0.7
DOC_ID 1	 RANK0.3
DOC_ID 2	 RANK1
REQUEST ג„– 2
C:\Users\ED\Documents\My_Programs\Great_Project\search_engine\tests\SearchServer_test.cpp:23: Failure
Expected equality of these values:
  result
    Which is: { { 16-byte object <00-00 00-00 00-00 00-00 33-33 33-3F 7A-01 00-00>, 16-byte object <01-00 00-00 00-00 00-00 9A-99 99-3E 7A-01 00-00>, 16-byte object <02-00 00-00 00-00 00-00 00-00 80-3F 7A-01 00-00> }, {} }
  expected
    Which is: { { 16-byte object <02-00 00-00 00-00 00-00 00-00 80-3F 5A-00 00-00>, 16-byte object <00-00 00-00 00-00 00-00 33-33 33-3F 7A-01 00-00>, 16-byte object <01-00 00-00 00-00 00-00 9A-99 99-3E F6-7F 00-00> }, {} }
[  FAILED  ] TestCaseSearchServer.TestSimple (0 ms)
[----------] 1 test from TestCaseSearchServer (0 ms total)

[----------] Global test environment tear-down
[==========] 1 test from 1 test suite ran. (0 ms total)
[  PASSED  ] 0 tests.
[  FAILED  ] 1 test, listed below:
[  FAILED  ] TestCaseSearchServer.TestSimple

 1 FAILED TEST
<end of output>
Test time =   0.00 sec
----------------------------------------------------------
Test Failed.
"TestCaseSearchServer.TestSimple" end time: Jun 08 10:21 RTZ 2 (חטלא)
"TestCaseSearchServer.TestSimple" time elapsed: 00:00:00
----------------------------------------------------------

End testing: Jun 08 10:21 RTZ 2 (חטלא)
