Start testing: Jun 14 21:56 RTZ 2 (çèìà)
----------------------------------------------------------
2/5 Testing: TestCaseSearchServer.TestTop5
2/5 Test: TestCaseSearchServer.TestTop5
Command: "C:/Users/ED/Documents/My_Programs/Great_Project/search_engine/tests/GtestTests.exe" "--gtest_filter=TestCaseSearchServer.TestTop5" "--gtest_also_run_disabled_tests"
Directory: C:/Users/ED/Documents/My_Programs/Great_Project/search_engine/build/tests
"TestCaseSearchServer.TestTop5" start time: Jun 14 21:56 RTZ 2 (çèìà)
Output:
----------------------------------------------------------
Running main() from C:\Users\ED\Documents\My_Programs\Great_Project\search_engine\build\_deps\googletest-src\googletest\src\gtest_main.cc
Note: Google Test filter = TestCaseSearchServer.TestTop5
[==========] Running 1 test from 1 test suite.
[----------] Global test environment set-up.
[----------] 1 test from TestCaseSearchServer
[ RUN      ] TestCaseSearchServer.TestTop5
1
C:\Users\ED\Documents\My_Programs\Great_Project\search_engine\tests\SearchServer_test.cpp:65: Failure
Expected equality of these values:
  result
    Which is: { { 16-byte object <07-00 00-00 00-00 00-00 00-00 80-3F AD-01 00-00>, 16-byte object <0E-00 00-00 00-00 00-00 00-00 80-3F AD-01 00-00>, 16-byte object <00-00 00-00 00-00 00-00 AB-AA 2A-3F AD-01 00-00>, 16-byte object <01-00 00-00 00-00 00-00 AB-AA 2A-3F AD-01 00-00>, 16-byte object <02-00 00-00 00-00 00-00 AB-AA 2A-3F AD-01 00-00>, 16-byte object <03-00 00-00 00-00 00-00 AB-AA 2A-3F AD-01 00-00>, 16-byte object <04-00 00-00 00-00 00-00 AB-AA 2A-3F AD-01 00-00>, 16-byte object <05-00 00-00 00-00 00-00 AB-AA 2A-3F AD-01 00-00>, 16-byte object <06-00 00-00 00-00 00-00 AB-AA 2A-3F AD-01 00-00>, 16-byte object <08-00 00-00 00-00 00-00 AB-AA 2A-3F AD-01 00-00>, 16-byte object <09-00 00-00 00-00 00-00 AB-AA 2A-3F AD-01 00-00>, 16-byte object <0A-00 00-00 00-00 00-00 AB-AA 2A-3F AD-01 00-00>, 16-byte object <0B-00 00-00 00-00 00-00 AB-AA 2A-3F AD-01 00-00>, 16-byte object <0C-00 00-00 00-00 00-00 AB-AA 2A-3F AD-01 00-00>, 16-byte object <0D-00 00-00 00-00 00-00 AB-AA 2A-3F AD-01 00-00>, 16-byte object <0F-00 00-00 00-00 00-00 AB-AA 2A-3F AD-01 00-00>, 16-byte object <10-00 00-00 00-00 00-00 AB-AA 2A-3F AD-01 00-00>, 16-byte object <11-00 00-00 00-00 00-00 AB-AA 2A-3F AD-01 00-00>, 16-byte object <12-00 00-00 00-00 00-00 AB-AA 2A-3F AD-01 00-00>, 16-byte object <13-00 00-00 00-00 00-00 AB-AA 2A-3F AD-01 00-00>, 16-byte object <14-00 00-00 00-00 00-00 AB-AA 2A-3F AD-01 00-00>, 16-byte object <15-00 00-00 00-00 00-00 AB-AA 2A-3F AD-01 00-00> } }
  expected
    Which is: { { 16-byte object <07-00 00-00 00-00 00-00 00-00 80-3F F7-7F 00-00>, 16-byte object <0E-00 00-00 00-00 00-00 00-00 80-3F AD-01 00-00>, 16-byte object <00-00 00-00 00-00 00-00 AB-AA 2A-3F 22-00 00-00>, 16-byte object <01-00 00-00 00-00 00-00 AB-AA 2A-3F AD-01 00-00>, 16-byte object <02-00 00-00 00-00 00-00 AB-AA 2A-3F F7-7F 00-00> } }
[  FAILED  ] TestCaseSearchServer.TestTop5 (0 ms)
[----------] 1 test from TestCaseSearchServer (0 ms total)

[----------] Global test environment tear-down
[==========] 1 test from 1 test suite ran. (0 ms total)
[  PASSED  ] 0 tests.
[  FAILED  ] 1 test, listed below:
[  FAILED  ] TestCaseSearchServer.TestTop5

 1 FAILED TEST
<end of output>
Test time =   0.01 sec
----------------------------------------------------------
Test Failed.
"TestCaseSearchServer.TestTop5" end time: Jun 14 21:56 RTZ 2 (çèìà)
"TestCaseSearchServer.TestTop5" time elapsed: 00:00:00
----------------------------------------------------------

End testing: Jun 14 21:56 RTZ 2 (çèìà)
