Start testing: May 08 16:32 RTZ 2 (çèìà)
----------------------------------------------------------
9/10 Testing: TestCaseInvertedIndex.TestBasic2
9/10 Test: TestCaseInvertedIndex.TestBasic2
Command: "C:/Users/ED/Documents/My_Programs/Great_Project/search_engine/tests/GtestTests.exe" "--gtest_filter=TestCaseInvertedIndex.TestBasic2" "--gtest_also_run_disabled_tests"
Directory: C:/Users/ED/Documents/My_Programs/Great_Project/search_engine/build/tests
"TestCaseInvertedIndex.TestBasic2" start time: May 08 16:32 RTZ 2 (çèìà)
Output:
----------------------------------------------------------
Running main() from C:\Users\ED\Documents\My_Programs\Great_Project\search_engine\build\_deps\googletest-src\googletest\src\gtest_main.cc
Note: Google Test filter = TestCaseInvertedIndex.TestBasic2
[==========] Running 1 test from 1 test suite.
[----------] Global test environment set-up.
[----------] 1 test from TestCaseInvertedIndex
[ RUN      ] TestCaseInvertedIndex.TestBasic2
C:\Users\ED\Documents\My_Programs\Great_Project\search_engine\tests\InvertedIndex_test.cpp:17: Failure
Expected equality of these values:
  result
    Which is: { { 16-byte object <00-00 00-00 00-00 00-00 04-00 00-00 00-00 00-00>, 16-byte object <01-00 00-00 00-00 00-00 01-00 00-00 00-00 00-00>, 16-byte object <02-00 00-00 00-00 00-00 05-00 00-00 00-00 00-00> }, { 16-byte object <00-00 00-00 00-00 00-00 03-00 00-00 00-00 00-00>, 16-byte object <01-00 00-00 00-00 00-00 02-00 00-00 00-00 00-00>, 16-byte object <02-00 00-00 00-00 00-00 05-00 00-00 00-00 00-00> }, { 16-byte object <00-00 00-00 00-00 00-00 00-00 00-00 00-00 00-00> } }
  expected
    Which is: { { 16-byte object <00-00 00-00 00-00 00-00 04-00 00-00 00-00 00-00>, 16-byte object <01-00 00-00 00-00 00-00 01-00 00-00 00-00 00-00>, 16-byte object <02-00 00-00 00-00 00-00 05-00 00-00 00-00 00-00> }, { 16-byte object <00-00 00-00 00-00 00-00 02-00 00-00 00-00 00-00>, 16-byte object <01-00 00-00 00-00 00-00 02-00 00-00 00-00 00-00>, 16-byte object <02-00 00-00 00-00 00-00 05-00 00-00 00-00 00-00> }, { 16-byte object <03-00 00-00 00-00 00-00 01-00 00-00 00-00 00-00> } }
[  FAILED  ] TestCaseInvertedIndex.TestBasic2 (0 ms)
[----------] 1 test from TestCaseInvertedIndex (0 ms total)

[----------] Global test environment tear-down
[==========] 1 test from 1 test suite ran. (0 ms total)
[  PASSED  ] 0 tests.
[  FAILED  ] 1 test, listed below:
[  FAILED  ] TestCaseInvertedIndex.TestBasic2

 1 FAILED TEST
<end of output>
Test time =   0.02 sec
----------------------------------------------------------
Test Failed.
"TestCaseInvertedIndex.TestBasic2" end time: May 08 16:32 RTZ 2 (çèìà)
"TestCaseInvertedIndex.TestBasic2" time elapsed: 00:00:00
----------------------------------------------------------

End testing: May 08 16:32 RTZ 2 (çèìà)
