<?xml version="1.0" encoding="UTF-8"?>
<Site BuildName="(empty)"
	BuildStamp="20250508-0913-Experimental"
	Name="(empty)"
	Generator="ctest-3.31.3"
	CompilerName=""
	CompilerVersion=""
	OSName="Windows"
	Hostname="DESKTOP-SQ2SR2G"
	OSRelease=" Professional"
	OSVersion=" (Build 19045)"
	OSPlatform="AMD64"
	Is64Bits="1"
	VendorString="GenuineIntel"
	VendorID="Intel Corporation"
	FamilyID="6"
	ModelID="10"
	ModelName=""
	ProcessorCacheSize="-1"
	NumberOfLogicalCPU="16"
	NumberOfPhysicalCPU="10"
	TotalVirtualMemory="25906"
	TotalPhysicalMemory="16087"
	LogicalProcessorsPerPhysical="1"
	ProcessorClockFrequency="2918"
	>
	<Testing>
		<StartDateTime>May 08 16:32 RTZ 2 ([NON-UTF-8-BYTE-0xE7][NON-UTF-8-BYTE-0xE8][NON-UTF-8-BYTE-0xEC][NON-UTF-8-BYTE-0xE0])</StartDateTime>
		<StartTestTime>1746711153</StartTestTime>
		<TestList>
			<Test>./tests/TestCaseInvertedIndex.TestBasic2</Test>
		</TestList>
		<Test Status="failed">
			<Name>TestCaseInvertedIndex.TestBasic2</Name>
			<Path>./tests</Path>
			<FullName>./tests/TestCaseInvertedIndex.TestBasic2</FullName>
			<FullCommandLine>C:\Users\ED\Documents\My_Programs\Great_Project\search_engine\tests\GtestTests.exe "--gtest_filter=TestCaseInvertedIndex.TestBasic2" "--gtest_also_run_disabled_tests"</FullCommandLine>
			<Results>
				<NamedMeasurement type="text/string" name="Exit Code">
					<Value>Failed</Value>
				</NamedMeasurement>
				<NamedMeasurement type="text/string" name="Exit Value">
					<Value>1</Value>
				</NamedMeasurement>
				<NamedMeasurement type="numeric/double" name="Execution Time">
					<Value>0.0179766</Value>
				</NamedMeasurement>
				<NamedMeasurement type="numeric/double" name="Processors">
					<Value>1</Value>
				</NamedMeasurement>
				<NamedMeasurement type="text/string" name="Completion Status">
					<Value>Completed</Value>
				</NamedMeasurement>
				<NamedMeasurement type="text/string" name="Command Line">
					<Value>C:\Users\ED\Documents\My_Programs\Great_Project\search_engine\tests\GtestTests.exe "--gtest_filter=TestCaseInvertedIndex.TestBasic2" "--gtest_also_run_disabled_tests"</Value>
				</NamedMeasurement>
				<NamedMeasurement type="text/string" name="Environment">
					<Value>#CTEST_RESOURCE_GROUP_COUNT=</Value>
				</NamedMeasurement>
				<Measurement>
					<Value encoding="base64" compression="gzip">eJztVN9r2zAQftdfcY8NxMbpfoFZC12ThsBWSpKyhygYxb44GrLk6eS0ofR/n+WE0qwOayiMPewEQnc6fbpPJ75xpbXUORRC6pMOLK0p4DLmt4SW+KDP+yatCtSO+LdNcmNNbkVBfGhROO/+wNRxQmHTVYI6lxr5opIq40mGJfHcmFyhQ3IB2fSZyxvXrxJ/c5im7No4jGHYpMC03oGlVA4tnDXepSAc6TVah9lIZ3gf+ugXQTI9ZbOzJ5vDeEepB65B8ZR2a6qkw5DNgiebw1CZhVDbfdRraY32hIHQBVX5W/JzzNaq2AzGt9fQ2PzPhb/tqX0txPfAEx8L07KMe59iuBJSVRbZ4L6sT2MG+LMSSroNmCW4FRLCWqgKKWYAFqlSjvnKv69kugJJMTzUo/cxWGwcgln4GuBzFAVRBC3z+9b4efclQu8AQnu8DeH0AMKHdgR47B7D5N2bmbTX9/eZtM81CjzWrcbdx/jf9eN69q90vf2fHnzRpuszgKuL0ddB/zUKBScRFNQ5UgW3p8AZJ1SHvU5vXS1tQWbu9L6aH1JxsEKH+/fUxG4uJpMtsajJpXCf7hahC0qSl8MFKnMXH/cijNUou/TpYDJlvwCOlf2q====</Value>
				</Measurement>
			</Results>
		</Test>
		<EndDateTime>May 08 16:32 RTZ 2 ([NON-UTF-8-BYTE-0xE7][NON-UTF-8-BYTE-0xE8][NON-UTF-8-BYTE-0xEC][NON-UTF-8-BYTE-0xE0])</EndDateTime>
		<EndTestTime>1746711153</EndTestTime>
		<ElapsedMinutes>0</ElapsedMinutes>
	</Testing>
</Site>
