<?xml version="1.0" encoding="UTF-8"?>
<Site BuildName="(empty)"
	BuildStamp="20250512-0549-Experimental"
	Name="(empty)"
	Generator="ctest-3.31.3"
	CompilerName=""
	CompilerVersion=""
	OSName="Windows"
	Hostname="DESKTOP-SQ2SR2G"
	OSRelease=" Professional"
	OSVersion=" (Build 19045)"
	OSPlatform="AMD64"
	Is64Bits="1"
	VendorString="GenuineIntel"
	VendorID="Intel Corporation"
	FamilyID="6"
	ModelID="10"
	ModelName=""
	ProcessorCacheSize="-1"
	NumberOfLogicalCPU="16"
	NumberOfPhysicalCPU="10"
	TotalVirtualMemory="26798"
	TotalPhysicalMemory="16087"
	LogicalProcessorsPerPhysical="1"
	ProcessorClockFrequency="2918"
	>
	<Testing>
		<StartDateTime>May 12 16:33 RTZ 2 ([NON-UTF-8-BYTE-0xE7][NON-UTF-8-BYTE-0xE8][NON-UTF-8-BYTE-0xEC][NON-UTF-8-BYTE-0xE0])</StartDateTime>
		<StartTestTime>1747056809</StartTestTime>
		<TestList>
			<Test>./tests/ConverterJSON.getResponsesLimit</Test>
		</TestList>
		<Test Status="failed">
			<Name>ConverterJSON.getResponsesLimit</Name>
			<Path>./tests</Path>
			<FullName>./tests/ConverterJSON.getResponsesLimit</FullName>
			<FullCommandLine>C:\Users\ED\Documents\My_Programs\Great_Project\search_engine\tests\GtestTests.exe "--gtest_filter=ConverterJSON.getResponsesLimit" "--gtest_also_run_disabled_tests"</FullCommandLine>
			<Results>
				<NamedMeasurement type="text/string" name="Exit Code">
					<Value>Failed</Value>
				</NamedMeasurement>
				<NamedMeasurement type="text/string" name="Exit Value">
					<Value>1</Value>
				</NamedMeasurement>
				<NamedMeasurement type="numeric/double" name="Execution Time">
					<Value>0.0050008</Value>
				</NamedMeasurement>
				<NamedMeasurement type="numeric/double" name="Processors">
					<Value>1</Value>
				</NamedMeasurement>
				<NamedMeasurement type="text/string" name="Completion Status">
					<Value>Completed</Value>
				</NamedMeasurement>
				<NamedMeasurement type="text/string" name="Command Line">
					<Value>C:\Users\ED\Documents\My_Programs\Great_Project\search_engine\tests\GtestTests.exe "--gtest_filter=ConverterJSON.getResponsesLimit" "--gtest_also_run_disabled_tests"</Value>
				</NamedMeasurement>
				<NamedMeasurement type="text/string" name="Environment">
					<Value>#CTEST_RESOURCE_GROUP_COUNT=</Value>
				</NamedMeasurement>
				<Measurement>
					<Value encoding="base64" compression="gzip">eJyVkkFv4jAQhe/+FaOeirpE3StSDxVQ1KrLVkBPGCGTTIN3nZnIMynbf79OgqpSqVp2TjP2y/P77CwaIk8lVM7T5QBeIlcwHtlnwSh2OrETzpsKScX+eNs+RS6jq8TOIjptx1+YqxV0Md9vkUpPaHeND4XdFliLLZnLgIqiQ4n5h9F2Y9tt25OzPDdzVhzBrJPAKu3Aiw+KEW5gzPSKMfUPy5/zrERdoNRMgvLoK69mffNeG1gcib6DdiYt0bGXxitmZj18rw3MAu9c6PeRXn1kanlBUIdN/Un80fMklFnD4nkOXW3+mbeh38QHagET8p3zoYloxldXgH9yrNUzwcHrHgqUPPp+4WK1x+4LODgBYgWukbDILkD3sbXzlDrsI+64eEvhAe5u7x+nkzNSweU1VDI4E7hXg7K6MDDnXamm/2RYpKSnD/bVQ0F0lJ2ek3iebpfLnue608onyt7hGwQvigXsMPBh9F8XYUwyOapX0+XK/AWrpwsg====</Value>
				</Measurement>
			</Results>
		</Test>
		<EndDateTime>May 12 16:33 RTZ 2 ([NON-UTF-8-BYTE-0xE7][NON-UTF-8-BYTE-0xE8][NON-UTF-8-BYTE-0xEC][NON-UTF-8-BYTE-0xE0])</EndDateTime>
		<EndTestTime>1747056809</EndTestTime>
		<ElapsedMinutes>0</ElapsedMinutes>
	</Testing>
</Site>
