<?xml version="1.0" encoding="UTF-8"?>
<Site BuildName="(empty)"
	BuildStamp="20250607-0752-Experimental"
	Name="(empty)"
	Generator="ctest-3.31.3"
	CompilerName=""
	CompilerVersion=""
	OSName="Windows"
	Hostname="DESKTOP-SQ2SR2G"
	OSRelease=" Professional"
	OSVersion=" (Build 19045)"
	OSPlatform="AMD64"
	Is64Bits="1"
	VendorString="GenuineIntel"
	VendorID="Intel Corporation"
	FamilyID="6"
	ModelID="10"
	ModelName=""
	ProcessorCacheSize="-1"
	NumberOfLogicalCPU="16"
	NumberOfPhysicalCPU="10"
	TotalVirtualMemory="25303"
	TotalPhysicalMemory="16087"
	LogicalProcessorsPerPhysical="1"
	ProcessorClockFrequency="2918"
	>
	<Testing>
		<StartDateTime>Jun 07 10:59 RTZ 2 ([NON-UTF-8-BYTE-0xE7][NON-UTF-8-BYTE-0xE8][NON-UTF-8-BYTE-0xEC][NON-UTF-8-BYTE-0xE0])</StartDateTime>
		<StartTestTime>1749283149</StartTestTime>
		<TestList>
			<Test>./tests/TestCaseInvertedIndex.TestInvertedIndexMissingWord</Test>
		</TestList>
		<Test Status="failed">
			<Name>TestCaseInvertedIndex.TestInvertedIndexMissingWord</Name>
			<Path>./tests</Path>
			<FullName>./tests/TestCaseInvertedIndex.TestInvertedIndexMissingWord</FullName>
			<FullCommandLine>C:\Users\ED\Documents\My_Programs\Great_Project\search_engine\tests\GtestTests.exe "--gtest_filter=TestCaseInvertedIndex.TestInvertedIndexMissingWord" "--gtest_also_run_disabled_tests"</FullCommandLine>
			<Results>
				<NamedMeasurement type="text/string" name="Exit Code">
					<Value>Failed</Value>
				</NamedMeasurement>
				<NamedMeasurement type="text/string" name="Exit Value">
					<Value>1</Value>
				</NamedMeasurement>
				<NamedMeasurement type="numeric/double" name="Execution Time">
					<Value>0.0051213</Value>
				</NamedMeasurement>
				<NamedMeasurement type="numeric/double" name="Processors">
					<Value>1</Value>
				</NamedMeasurement>
				<NamedMeasurement type="text/string" name="Completion Status">
					<Value>Completed</Value>
				</NamedMeasurement>
				<NamedMeasurement type="text/string" name="Command Line">
					<Value>C:\Users\ED\Documents\My_Programs\Great_Project\search_engine\tests\GtestTests.exe "--gtest_filter=TestCaseInvertedIndex.TestInvertedIndexMissingWord" "--gtest_also_run_disabled_tests"</Value>
				</NamedMeasurement>
				<NamedMeasurement type="text/string" name="Environment">
					<Value>#CTEST_RESOURCE_GROUP_COUNT=</Value>
				</NamedMeasurement>
				<Measurement>
					<Value encoding="base64" compression="gzip">eJytU1Fr4zAMfvev0OMKS0gf7h7C7WCsXSlsY7Qde6hLcBI19XDsnGV3K8f++8VpGcuug912MhhLlj7pk+WZ11rqCmoh9ckA1tbUcJHyO0JLfDziI1P4GrUjfr3Lbq2prKiJTywKF9QHLBwnFLbYZKgrqZHnXqqSZyU2xCtjKoUOyUVki1cq79RwykLmuCjYjXGYwqRzgUV7A2upHFo467QLQTjVW7QOy6ku8SkO1p7lWhK1XO6NLdny7EVWMDuQHILrcAPJw5m8dBizZfQiK5gokwu1v0e9ldbo0AIgdJFv3ji/xjxaJ1vC7O4GOll9hsrXniNUR7wHngVbXDRNOvyWwqWQyltk46emjcYS8JcXSrodmDW4DRLCViiPlDIAi+SVY4HL/UYWG5CUwu92Db9H+c4hmDzUAD+SJEoS+PD+E55Pj6EM34k5bm9R4LktDg9U/q7z/2VZAlyeT6/Go8+9KpwkUNPgH2dpHwXOOKEG7GNT69pxiErzqPt/4r2/AFbouJ+npXp7Pp/vqSadL8X9BuwRTkFJCiOUozKP6Vd7xFiLewBYjOcL9gfmV37u====</Value>
				</Measurement>
			</Results>
		</Test>
		<EndDateTime>Jun 07 10:59 RTZ 2 ([NON-UTF-8-BYTE-0xE7][NON-UTF-8-BYTE-0xE8][NON-UTF-8-BYTE-0xEC][NON-UTF-8-BYTE-0xE0])</EndDateTime>
		<EndTestTime>1749283149</EndTestTime>
		<ElapsedMinutes>0</ElapsedMinutes>
	</Testing>
</Site>
