<?xml version="1.0" encoding="UTF-8"?>
<Site BuildName="(empty)"
	BuildStamp="20250612-1853-Experimental"
	Name="(empty)"
	Generator="ctest-3.31.3"
	CompilerName=""
	CompilerVersion=""
	OSName="Windows"
	Hostname="DESKTOP-SQ2SR2G"
	OSRelease=" Professional"
	OSVersion=" (Build 19045)"
	OSPlatform="AMD64"
	Is64Bits="1"
	VendorString="GenuineIntel"
	VendorID="Intel Corporation"
	FamilyID="6"
	ModelID="10"
	ModelName=""
	ProcessorCacheSize="-1"
	NumberOfLogicalCPU="16"
	NumberOfPhysicalCPU="10"
	TotalVirtualMemory="25303"
	TotalPhysicalMemory="16087"
	LogicalProcessorsPerPhysical="1"
	ProcessorClockFrequency="2918"
	>
	<Testing>
		<StartDateTime>Jun 12 23:09 RTZ 2 ([NON-UTF-8-BYTE-0xE7][NON-UTF-8-BYTE-0xE8][NON-UTF-8-BYTE-0xEC][NON-UTF-8-BYTE-0xE0])</StartDateTime>
		<StartTestTime>1749758973</StartTestTime>
		<TestList>
			<Test>./tests/TestCaseSearchServer.TestTop5</Test>
		</TestList>
		<Test Status="passed">
			<Name>TestCaseSearchServer.TestTop5</Name>
			<Path>./tests</Path>
			<FullName>./tests/TestCaseSearchServer.TestTop5</FullName>
			<FullCommandLine>C:\Users\ED\Documents\My_Programs\Great_Project\search_engine\tests\GtestTests.exe "--gtest_filter=TestCaseSearchServer.TestTop5" "--gtest_also_run_disabled_tests"</FullCommandLine>
			<Results>
				<NamedMeasurement type="numeric/double" name="Execution Time">
					<Value>0.0066036</Value>
				</NamedMeasurement>
				<NamedMeasurement type="numeric/double" name="Processors">
					<Value>1</Value>
				</NamedMeasurement>
				<NamedMeasurement type="text/string" name="Completion Status">
					<Value>Completed</Value>
				</NamedMeasurement>
				<NamedMeasurement type="text/string" name="Command Line">
					<Value>C:\Users\ED\Documents\My_Programs\Great_Project\search_engine\tests\GtestTests.exe "--gtest_filter=TestCaseSearchServer.TestTop5" "--gtest_also_run_disabled_tests"</Value>
				</NamedMeasurement>
				<NamedMeasurement type="text/string" name="Environment">
					<Value>#CTEST_RESOURCE_GROUP_COUNT=</Value>
				</NamedMeasurement>
				<Measurement>
					<Value encoding="base64" compression="gzip">eJyVUc1OwkAQPrtPMUc4tKFGJSHhQGhDDBGwpacuaZYy1DXtLtndYrz7DD6gTyLbEgQiQec08803P99MWAnBRQ4l46LVhrWSJQx7NNaoNA186susKlEYTZ/e05mSuWKlpiOFzNjwFTNDNTKVvaQoci6QLiterGi6wo2muZR5gQa1cbTKjkJah9ZL7WQ3y8hEGuzBqKbAfJeBNS8MKujX0ZBpjOpBEaotKteCc7m5J0n/YAsI93o8MHULq2fv64obdEniHGwBo0IuWdHkUWy5ksKqBY3GqTZn5OOev61EEgjjCdS2uLK0R8LgOQ6iOXx9fIJH/OkwffShewPhYDL+Aby7c6SzBzrug7XugXkBvz3Hk2ZDmI6vbQmtDpS6/b8rNEVgpGFFm/zt3GZX76zkmzh95qUngmLCPZ2zEzUbRFHg29M3XJd8A6Fo5xo=</Value>
				</Measurement>
			</Results>
		</Test>
		<EndDateTime>Jun 12 23:09 RTZ 2 ([NON-UTF-8-BYTE-0xE7][NON-UTF-8-BYTE-0xE8][NON-UTF-8-BYTE-0xEC][NON-UTF-8-BYTE-0xE0])</EndDateTime>
		<EndTestTime>1749758973</EndTestTime>
		<ElapsedMinutes>0</ElapsedMinutes>
	</Testing>
</Site>
