<?xml version="1.0" encoding="UTF-8"?>
<Site BuildName="(empty)"
	BuildStamp="20250511-0713-Experimental"
	Name="(empty)"
	Generator="ctest-3.31.3"
	CompilerName=""
	CompilerVersion=""
	OSName="Windows"
	Hostname="DESKTOP-SQ2SR2G"
	OSRelease=" Professional"
	OSVersion=" (Build 19045)"
	OSPlatform="AMD64"
	Is64Bits="1"
	VendorString="GenuineIntel"
	VendorID="Intel Corporation"
	FamilyID="6"
	ModelID="10"
	ModelName=""
	ProcessorCacheSize="-1"
	NumberOfLogicalCPU="16"
	NumberOfPhysicalCPU="10"
	TotalVirtualMemory="26193"
	TotalPhysicalMemory="16087"
	LogicalProcessorsPerPhysical="1"
	ProcessorClockFrequency="2918"
	>
	<Testing>
		<StartDateTime>May 11 13:45 RTZ 2 ([NON-UTF-8-BYTE-0xE7][NON-UTF-8-BYTE-0xE8][NON-UTF-8-BYTE-0xEC][NON-UTF-8-BYTE-0xE0])</StartDateTime>
		<StartTestTime>1746960344</StartTestTime>
		<TestList>
			<Test>./tests/TestCaseInvertedIndex.TestBasic2</Test>
		</TestList>
		<Test Status="failed">
			<Name>TestCaseInvertedIndex.TestBasic2</Name>
			<Path>./tests</Path>
			<FullName>./tests/TestCaseInvertedIndex.TestBasic2</FullName>
			<FullCommandLine>C:\Users\ED\Documents\My_Programs\Great_Project\search_engine\tests\GtestTests.exe "--gtest_filter=TestCaseInvertedIndex.TestBasic2" "--gtest_also_run_disabled_tests"</FullCommandLine>
			<Results>
				<NamedMeasurement type="text/string" name="Exit Code">
					<Value>Failed</Value>
				</NamedMeasurement>
				<NamedMeasurement type="text/string" name="Exit Value">
					<Value>1</Value>
				</NamedMeasurement>
				<NamedMeasurement type="numeric/double" name="Execution Time">
					<Value>0.0042785</Value>
				</NamedMeasurement>
				<NamedMeasurement type="numeric/double" name="Processors">
					<Value>1</Value>
				</NamedMeasurement>
				<NamedMeasurement type="text/string" name="Completion Status">
					<Value>Completed</Value>
				</NamedMeasurement>
				<NamedMeasurement type="text/string" name="Command Line">
					<Value>C:\Users\ED\Documents\My_Programs\Great_Project\search_engine\tests\GtestTests.exe "--gtest_filter=TestCaseInvertedIndex.TestBasic2" "--gtest_also_run_disabled_tests"</Value>
				</NamedMeasurement>
				<NamedMeasurement type="text/string" name="Environment">
					<Value>#CTEST_RESOURCE_GROUP_COUNT=</Value>
				</NamedMeasurement>
				<Measurement>
					<Value encoding="base64" compression="gzip">eJztVW1r2zAQ/hz9ivvYQGzspN3AtIOuSUNgKyVJ2Yc4BEW+JNpkyZPkpGH0v89yQklaZ0sojMEmg9C96NE9urOun0vJ5RxSyuVZHWZapXATxQ8GtYk77bitWJ6itCb+vJ7cazXXNDVxVyO1TvyKzMYGqWaLCco5lxhPcy6SeJJgZuK5UnOBFo31jGY7YlyKbjVxJ/uMkTtlMYJu6QLDwgIzLixquCqlG2qwJ5eoLSY9meCj77QfqeGsSUZXz2MM/S2lEGyJ4iht1ybnFn0y8p7HGLpCTanY2FEuuVbSEQaD1suzF867mJVRkRH0H+6gHOPfB55y8Q2C2jlZUUc1qLXIr3VhLdzRh7XmCbZm7eKF3WmO8qEpas6oVNAqnBjNspwxvhX/EYC3/Raubky8VwgTp/NZlkXh+whuKRe5RtJ5zIrdmAB+z6ngdg1qBnaBBmFJRY4mIgAaTS4scVX2ZcHZAriJ4Efxhe+86doiqKmLAS6DwAsCqJjPK/UfGq8RwgMI1foqhOYBhItqBHhqnMKk9WYm1fH9eSbVc4ECT0WqcVsY/7N+Ws7+lqxX1+nBGy2zPgK4ve596rSP6SZwFkBq6id2rM0usMpSUSfH9UZbPG1eolZyv/Me6rigqfT3zymI3V8PBhtiQelr/H26G4QGCG7cczhFoVbRaTdCSIGydR92BkPyE5D9YRc=</Value>
				</Measurement>
			</Results>
		</Test>
		<EndDateTime>May 11 13:45 RTZ 2 ([NON-UTF-8-BYTE-0xE7][NON-UTF-8-BYTE-0xE8][NON-UTF-8-BYTE-0xEC][NON-UTF-8-BYTE-0xE0])</EndDateTime>
		<EndTestTime>1746960344</EndTestTime>
		<ElapsedMinutes>0</ElapsedMinutes>
	</Testing>
</Site>
