<?xml version="1.0" encoding="UTF-8"?>
<Site BuildName="(empty)"
	BuildStamp="20250608-0635-Experimental"
	Name="(empty)"
	Generator="ctest-3.31.3"
	CompilerName=""
	CompilerVersion=""
	OSName="Windows"
	Hostname="DESKTOP-SQ2SR2G"
	OSRelease=" Professional"
	OSVersion=" (Build 19045)"
	OSPlatform="AMD64"
	Is64Bits="1"
	VendorString="GenuineIntel"
	VendorID="Intel Corporation"
	FamilyID="6"
	ModelID="10"
	ModelName=""
	ProcessorCacheSize="-1"
	NumberOfLogicalCPU="16"
	NumberOfPhysicalCPU="10"
	TotalVirtualMemory="25303"
	TotalPhysicalMemory="16087"
	LogicalProcessorsPerPhysical="1"
	ProcessorClockFrequency="2918"
	>
	<Testing>
		<StartDateTime>Jun 08 10:21 RTZ 2 ([NON-UTF-8-BYTE-0xE7][NON-UTF-8-BYTE-0xE8][NON-UTF-8-BYTE-0xEC][NON-UTF-8-BYTE-0xE0])</StartDateTime>
		<StartTestTime>1749367268</StartTestTime>
		<TestList>
			<Test>./tests/TestCaseSearchServer.TestSimple</Test>
		</TestList>
		<Test Status="failed">
			<Name>TestCaseSearchServer.TestSimple</Name>
			<Path>./tests</Path>
			<FullName>./tests/TestCaseSearchServer.TestSimple</FullName>
			<FullCommandLine>C:\Users\ED\Documents\My_Programs\Great_Project\search_engine\tests\GtestTests.exe "--gtest_filter=TestCaseSearchServer.TestSimple" "--gtest_also_run_disabled_tests"</FullCommandLine>
			<Results>
				<NamedMeasurement type="text/string" name="Exit Code">
					<Value>Failed</Value>
				</NamedMeasurement>
				<NamedMeasurement type="text/string" name="Exit Value">
					<Value>1</Value>
				</NamedMeasurement>
				<NamedMeasurement type="numeric/double" name="Execution Time">
					<Value>0.0036744</Value>
				</NamedMeasurement>
				<NamedMeasurement type="numeric/double" name="Processors">
					<Value>1</Value>
				</NamedMeasurement>
				<NamedMeasurement type="text/string" name="Completion Status">
					<Value>Completed</Value>
				</NamedMeasurement>
				<NamedMeasurement type="text/string" name="Command Line">
					<Value>C:\Users\ED\Documents\My_Programs\Great_Project\search_engine\tests\GtestTests.exe "--gtest_filter=TestCaseSearchServer.TestSimple" "--gtest_also_run_disabled_tests"</Value>
				</NamedMeasurement>
				<NamedMeasurement type="text/string" name="Environment">
					<Value>#CTEST_RESOURCE_GROUP_COUNT=</Value>
				</NamedMeasurement>
				<Measurement>
					<Value encoding="base64" compression="gzip">eJy9VN1u2jAUvp6f4lwWiUQJ0cqI1kkRBFRtYx0B7YKgKIQDeHLizHZoUcXdnqEP2CdZfgABZSrVpDmS5fP5+DvnO/HxIEsSmiwgDmlyVYO54DG0bX8kUUjf7fgdHmUxJkr6X9fBneALEcbS7wkMVWH+xEj5EkMRLQNMFjRBf5pRNvODGabSX3C+YKhQKk2K6MD0S7NYBUVkPYpInyu0oVe6wDDfgTllCgXclFY7lOiVgTwUKxR6AXo0ThmS8c1+TGCwVWSCKkkKRdu1zKhCnYy1/ZhAj/FpyKp9TFZU8KTQCxKVlqUnzoec55IiYxiM+lCOyatpD9zvI9cbwvPvJzBJ51s7uO2A8Q4GTv+zoTd3iLlDrB3SqBDziKFB/u2/Fcqkf5hrUEB6lKZ2w7KhG1KWCSTuQ5ofxhngryxkVK2Bz0EtUSKsQpahtAmAQJkxRYo6/FjSaAlU2vCYf+a1Nl0rBD4tUoCPhqEZBrycLUuzrHLuQtPRDLPCP9VfMpjnGVqO1mpBq6VZ7msMjfMM1fzBOM0BNnV43MAml4fbYlyi9IIo7509ci7P/1Kr7rXW7J4qHQN0ndsvbueCew1XBsSy9rbOqQ6B4ipkNXJZi6r8vDbj98nxA/C3xgcRJvpxnFzWneN5lSyj9JX6sdiKoQ6MyuLST5Hxe/tN9SAkJ9l6D/NuJX8AFd6f/w==</Value>
				</Measurement>
			</Results>
		</Test>
		<EndDateTime>Jun 08 10:21 RTZ 2 ([NON-UTF-8-BYTE-0xE7][NON-UTF-8-BYTE-0xE8][NON-UTF-8-BYTE-0xEC][NON-UTF-8-BYTE-0xE0])</EndDateTime>
		<EndTestTime>1749367268</EndTestTime>
		<ElapsedMinutes>0</ElapsedMinutes>
	</Testing>
</Site>
