<?xml version="1.0" encoding="UTF-8"?>
<Site BuildName="(empty)"
	BuildStamp="20250505-1130-Experimental"
	Name="(empty)"
	Generator="ctest-3.31.3"
	CompilerName=""
	CompilerVersion=""
	OSName="Windows"
	Hostname="DESKTOP-SQ2SR2G"
	OSRelease=" Professional"
	OSVersion=" (Build 19045)"
	OSPlatform="AMD64"
	Is64Bits="1"
	VendorString="GenuineIntel"
	VendorID="Intel Corporation"
	FamilyID="6"
	ModelID="10"
	ModelName=""
	ProcessorCacheSize="-1"
	NumberOfLogicalCPU="16"
	NumberOfPhysicalCPU="10"
	TotalVirtualMemory="22743"
	TotalPhysicalMemory="16087"
	LogicalProcessorsPerPhysical="1"
	ProcessorClockFrequency="2918"
	>
	<Testing>
		<StartDateTime>May 05 21:55 RTZ 2 ([NON-UTF-8-BYTE-0xE7][NON-UTF-8-BYTE-0xE8][NON-UTF-8-BYTE-0xEC][NON-UTF-8-BYTE-0xE0])</StartDateTime>
		<StartTestTime>1746471358</StartTestTime>
		<TestList>
			<Test>./tests/ConverterJSON.checkConfig</Test>
		</TestList>
		<Test Status="failed">
			<Name>ConverterJSON.checkConfig</Name>
			<Path>./tests</Path>
			<FullName>./tests/ConverterJSON.checkConfig</FullName>
			<FullCommandLine>C:\Users\ED\Documents\My_Programs\Great_Project\search_engine\tests\GtestTests.exe "--gtest_filter=ConverterJSON.checkConfig" "--gtest_also_run_disabled_tests"</FullCommandLine>
			<Results>
				<NamedMeasurement type="text/string" name="Exit Code">
					<Value>Failed</Value>
				</NamedMeasurement>
				<NamedMeasurement type="text/string" name="Exit Value">
					<Value>1</Value>
				</NamedMeasurement>
				<NamedMeasurement type="numeric/double" name="Execution Time">
					<Value>0.006703</Value>
				</NamedMeasurement>
				<NamedMeasurement type="numeric/double" name="Processors">
					<Value>1</Value>
				</NamedMeasurement>
				<NamedMeasurement type="text/string" name="Completion Status">
					<Value>Completed</Value>
				</NamedMeasurement>
				<NamedMeasurement type="text/string" name="Command Line">
					<Value>C:\Users\ED\Documents\My_Programs\Great_Project\search_engine\tests\GtestTests.exe "--gtest_filter=ConverterJSON.checkConfig" "--gtest_also_run_disabled_tests"</Value>
				</NamedMeasurement>
				<NamedMeasurement type="text/string" name="Environment">
					<Value>#CTEST_RESOURCE_GROUP_COUNT=</Value>
				</NamedMeasurement>
				<Measurement>
					<Value encoding="base64" compression="gzip">eJyNkk1PAjEQhu/9FRNOEmWDVxIOhq9oFA3giRJSusNutTsl7azov7e7SwiQaJjTTPvO9H3azkoiQxkUytBNG7beFTDoyfeAPsjRUA6dLgskDvLlZ/3mXeZVEeTEo+Kq/EDNMqDyOl8jZYZQbkpjU7lOcRdk5lxmkTFwJ3h9Usq6rLJ1dXKitZg6xh5Magks4g5sjWX00IeBoy/0MX+av04TnaP+jEtbk4ll/xgrmB1Y7oHr9orlkIfSMCZi2TnGCibWbZRt9pG+jHdUkUJA7pS7C/HpzDM7Ygmz9ynUsfrHaUmf5PZUQUXMsTK29CgGt7eA3xp3bBzB3nAOKQbtTbPQWuRYd8BeBSDH4HZImCYt4NxX4wzFDBtzG5f+RNsA44fH59HwXz9w04UitK+EbNTAjpVti+uukeOv6KTR4/kj/fU44BUl5+dEkreH+bwh6dbacMHXTLgDawJjChu0bt+78gqEiO0H3WI0X4hf3XcAbA==</Value>
				</Measurement>
			</Results>
		</Test>
		<EndDateTime>May 05 21:55 RTZ 2 ([NON-UTF-8-BYTE-0xE7][NON-UTF-8-BYTE-0xE8][NON-UTF-8-BYTE-0xEC][NON-UTF-8-BYTE-0xE0])</EndDateTime>
		<EndTestTime>1746471358</EndTestTime>
		<ElapsedMinutes>0</ElapsedMinutes>
	</Testing>
</Site>
