<?xml version="1.0" encoding="UTF-8"?>
<Site BuildName="(empty)"
	BuildStamp="20250521-0648-Experimental"
	Name="(empty)"
	Generator="ctest-3.31.3"
	CompilerName=""
	CompilerVersion=""
	OSName="Windows"
	Hostname="DESKTOP-SQ2SR2G"
	OSRelease=" Professional"
	OSVersion=" (Build 19045)"
	OSPlatform="AMD64"
	Is64Bits="1"
	VendorString="GenuineIntel"
	VendorID="Intel Corporation"
	FamilyID="6"
	ModelID="10"
	ModelName=""
	ProcessorCacheSize="-1"
	NumberOfLogicalCPU="16"
	NumberOfPhysicalCPU="10"
	TotalVirtualMemory="24791"
	TotalPhysicalMemory="16087"
	LogicalProcessorsPerPhysical="1"
	ProcessorClockFrequency="2918"
	>
	<Testing>
		<StartDateTime>May 21 20:50 RTZ 2 ([NON-UTF-8-BYTE-0xE7][NON-UTF-8-BYTE-0xE8][NON-UTF-8-BYTE-0xEC][NON-UTF-8-BYTE-0xE0])</StartDateTime>
		<StartTestTime>1747849834</StartTestTime>
		<TestList>
			<Test>./tests/TestCaseInvertedIndex.TestInvertedIndexMissingWord</Test>
		</TestList>
		<Test Status="passed">
			<Name>TestCaseInvertedIndex.TestInvertedIndexMissingWord</Name>
			<Path>./tests</Path>
			<FullName>./tests/TestCaseInvertedIndex.TestInvertedIndexMissingWord</FullName>
			<FullCommandLine>C:\Users\ED\Documents\My_Programs\Great_Project\search_engine\tests\GtestTests.exe "--gtest_filter=TestCaseInvertedIndex.TestInvertedIndexMissingWord" "--gtest_also_run_disabled_tests"</FullCommandLine>
			<Results>
				<NamedMeasurement type="numeric/double" name="Execution Time">
					<Value>0.0037494</Value>
				</NamedMeasurement>
				<NamedMeasurement type="numeric/double" name="Processors">
					<Value>1</Value>
				</NamedMeasurement>
				<NamedMeasurement type="text/string" name="Completion Status">
					<Value>Completed</Value>
				</NamedMeasurement>
				<NamedMeasurement type="text/string" name="Command Line">
					<Value>C:\Users\ED\Documents\My_Programs\Great_Project\search_engine\tests\GtestTests.exe "--gtest_filter=TestCaseInvertedIndex.TestInvertedIndexMissingWord" "--gtest_also_run_disabled_tests"</Value>
				</NamedMeasurement>
				<NamedMeasurement type="text/string" name="Environment">
					<Value>#CTEST_RESOURCE_GROUP_COUNT=</Value>
				</NamedMeasurement>
				<Measurement>
					<Value encoding="base64" compression="gzip">eJydUk1rwkAQvedXzFEPCe1V8FCMiBStaKWHrIQ1GdMtyazsTGz775tNRExpoXVO8+b7PWZdExkqoNKGBkM4OFvBZKS2jI7VNFaxzeoKSVgtPtOVs4XTFauZQy0evmEmilG77DVFKgyh2temzFWa45FVYW1RoiBLyC67gqqF3kv95ijLgqUVHMGsLYHnJgMHUwo6GLdoohnndEInmM8px4/IR3uRhWFuuLxYlwfJ+GI7WJ9J3oO0cz3Js8+1EYyCJLzYDmal3euyyyOdjLPkJQBGCevjt+LrmT/eGSSw3i6htd1NVLpeeHq8qR8Gd1Dx8J9Xd10gVnQ5DP6mjzR/EOb2nfrq/6Y6OE1Rf09DdfWw2UxjL1VXGwVfIn7l0Q==</Value>
				</Measurement>
			</Results>
		</Test>
		<EndDateTime>May 21 20:50 RTZ 2 ([NON-UTF-8-BYTE-0xE7][NON-UTF-8-BYTE-0xE8][NON-UTF-8-BYTE-0xEC][NON-UTF-8-BYTE-0xE0])</EndDateTime>
		<EndTestTime>1747849834</EndTestTime>
		<ElapsedMinutes>0</ElapsedMinutes>
	</Testing>
</Site>
