<?xml version="1.0" encoding="UTF-8"?>
<Site BuildName="(empty)"
	BuildStamp="20250611-1642-Experimental"
	Name="(empty)"
	Generator="ctest-3.31.3"
	CompilerName=""
	CompilerVersion=""
	OSName="Windows"
	Hostname="DESKTOP-SQ2SR2G"
	OSRelease=" Professional"
	OSVersion=" (Build 19045)"
	OSPlatform="AMD64"
	Is64Bits="1"
	VendorString="GenuineIntel"
	VendorID="Intel Corporation"
	FamilyID="6"
	ModelID="10"
	ModelName=""
	ProcessorCacheSize="-1"
	NumberOfLogicalCPU="16"
	NumberOfPhysicalCPU="10"
	TotalVirtualMemory="25303"
	TotalPhysicalMemory="16087"
	LogicalProcessorsPerPhysical="1"
	ProcessorClockFrequency="2918"
	>
	<Testing>
		<StartDateTime>Jun 11 22:33 RTZ 2 ([NON-UTF-8-BYTE-0xE7][NON-UTF-8-BYTE-0xE8][NON-UTF-8-BYTE-0xEC][NON-UTF-8-BYTE-0xE0])</StartDateTime>
		<StartTestTime>1749670389</StartTestTime>
		<TestList>
			<Test>./tests/TestCaseSearchServer.TestTop5</Test>
		</TestList>
		<Test Status="failed">
			<Name>TestCaseSearchServer.TestTop5</Name>
			<Path>./tests</Path>
			<FullName>./tests/TestCaseSearchServer.TestTop5</FullName>
			<FullCommandLine>C:\Users\ED\Documents\My_Programs\Great_Project\search_engine\tests\GtestTests.exe "--gtest_filter=TestCaseSearchServer.TestTop5" "--gtest_also_run_disabled_tests"</FullCommandLine>
			<Results>
				<NamedMeasurement type="text/string" name="Exit Code">
					<Value>Failed</Value>
				</NamedMeasurement>
				<NamedMeasurement type="text/string" name="Exit Value">
					<Value>1</Value>
				</NamedMeasurement>
				<NamedMeasurement type="numeric/double" name="Execution Time">
					<Value>0.005287</Value>
				</NamedMeasurement>
				<NamedMeasurement type="numeric/double" name="Processors">
					<Value>1</Value>
				</NamedMeasurement>
				<NamedMeasurement type="text/string" name="Completion Status">
					<Value>Completed</Value>
				</NamedMeasurement>
				<NamedMeasurement type="text/string" name="Command Line">
					<Value>C:\Users\ED\Documents\My_Programs\Great_Project\search_engine\tests\GtestTests.exe "--gtest_filter=TestCaseSearchServer.TestTop5" "--gtest_also_run_disabled_tests"</Value>
				</NamedMeasurement>
				<NamedMeasurement type="text/string" name="Environment">
					<Value>#CTEST_RESOURCE_GROUP_COUNT=</Value>
				</NamedMeasurement>
				<Measurement>
					<Value encoding="base64" compression="gzip">eJzVlt9u2jAUxq+XpziXRWqiGAjQaJ3ESEDVNtbxR7sgKArhAJlCnNkOHZp6t2fYA+5JlgTEoJ1Fma/mSFH8+fhnf5GPdQZZkkTJEtZBlFxVYMHoGjq2N+bIuOc6nkPDbI2J4N6HrX/P6JIFa+71GAai6H7BUHgcAxaufEyWUYLeLIviuefPMeXektJljAK50DkLj7pe2S2+/GJlIwy1PhVoQ68MgVE+AosoFsjgtux1Ao7DcqEhsg0yoxBHNLW0ye2hTWGw90NAlIjCz/6bZ5FAQ5vohzaFXkxnQbwbx2QTMZoUboGj0LP0SfAx829b0iYwGPehbNMzmx64n8bucAS/fvwEojkfO/6dA81XMGj33/0RSP2pYu4F02gUrXmIlOhViV6T6HWJbkn0hkRvSfQb2f6lxmTOiMwakXkjMhNE5oI0ZQMyf0RmsCozWH1mUC3/ijPKveNT5xeSEaap3azZ0A2iOGOoud/SfDLOAb9mQRyJLdAFiBVyhE0QZ8htDYAhz2KhFSf68yoKVxBxG77nD2nos61AoLNiC/DabOqmCaZ5/t019Vr3zfVzgqtMkMRblm5ZJ2/XkhCIMqGqTKgpE+rKBEuZ0FAmtJQJN8qEtjLhrTKho0xwlAldVQJRzk2inJtEOTeJcm4S5dwkF+YmPMJjfoHj/rr/3+9yR7cI1PO8bIHV+Ke7/OUE2XmREMo/PQHotu/eu87ZGhCuTFjzymU15m4SCCqCuKK9rJgV+Xx9Th+S01JZViIDCxLjdJ3c1H17ONyZMstYbpxa3RGuIY54UVTMMKYP9gV/Q9NyxD52lFfG2m+Gyixf====</Value>
				</Measurement>
			</Results>
		</Test>
		<EndDateTime>Jun 11 22:33 RTZ 2 ([NON-UTF-8-BYTE-0xE7][NON-UTF-8-BYTE-0xE8][NON-UTF-8-BYTE-0xEC][NON-UTF-8-BYTE-0xE0])</EndDateTime>
		<EndTestTime>1749670389</EndTestTime>
		<ElapsedMinutes>0</ElapsedMinutes>
	</Testing>
</Site>
